<?xml version="1.0" encoding="UTF-8" ?>
<testsuite errors="1" failures="0" hostname="acer.n2kiq.dyndns.org" name="com.googlecode.iqapps.IQTimeSheetJTest.TimeSheetActivityTest" tests="1" time="0.0" timestamp="2012-04-08T01:33:35">
  <properties>
[...]
</properties>
  <testcase classname="com.googlecode.iqapps.IQTimeSheetJTest.TimeSheetActivityTest" name="BeforeFirstTest" time="0.001">
    <error message="Forked Java VM exited abnormally. Please note the time in the report does not reflect the time until the VM exit." type="junit.framework.AssertionFailedError">junit.framework.AssertionFailedError: Forked Java VM exited abnormally. Please note the time in the report does not reflect the time until the VM exit.
</error>
  </testcase>
</testsuite>
